
Terraform used the selected providers to generate the following execution
plan. Resource actions are indicated with the following symbols:
  [32m+[0m create[0m

Terraform will perform the following actions:

[1m  # google_project_iam_member.composer_roles["roles/artifactregistry.reader"][0m will be created
[0m  [32m+[0m[0m resource "google_project_iam_member" "composer_roles" {
      [32m+[0m[0m etag    = (known after apply)
      [32m+[0m[0m id      = (known after apply)
      [32m+[0m[0m member  = "serviceAccount:corpor-sales-sa@corporacion-sales-prediction.iam.gserviceaccount.com"
      [32m+[0m[0m project = "corporacion-sales-prediction"
      [32m+[0m[0m role    = "roles/artifactregistry.reader"
    }

[1m  # google_project_iam_member.composer_roles["roles/composer.admin"][0m will be created
[0m  [32m+[0m[0m resource "google_project_iam_member" "composer_roles" {
      [32m+[0m[0m etag    = (known after apply)
      [32m+[0m[0m id      = (known after apply)
      [32m+[0m[0m member  = "serviceAccount:corpor-sales-sa@corporacion-sales-prediction.iam.gserviceaccount.com"
      [32m+[0m[0m project = "corporacion-sales-prediction"
      [32m+[0m[0m role    = "roles/composer.admin"
    }

[1m  # google_project_iam_member.composer_roles["roles/composer.worker"][0m will be created
[0m  [32m+[0m[0m resource "google_project_iam_member" "composer_roles" {
      [32m+[0m[0m etag    = (known after apply)
      [32m+[0m[0m id      = (known after apply)
      [32m+[0m[0m member  = "serviceAccount:corpor-sales-sa@corporacion-sales-prediction.iam.gserviceaccount.com"
      [32m+[0m[0m project = "corporacion-sales-prediction"
      [32m+[0m[0m role    = "roles/composer.worker"
    }

[1m  # google_project_iam_member.composer_roles["roles/compute.networkAdmin"][0m will be created
[0m  [32m+[0m[0m resource "google_project_iam_member" "composer_roles" {
      [32m+[0m[0m etag    = (known after apply)
      [32m+[0m[0m id      = (known after apply)
      [32m+[0m[0m member  = "serviceAccount:corpor-sales-sa@corporacion-sales-prediction.iam.gserviceaccount.com"
      [32m+[0m[0m project = "corporacion-sales-prediction"
      [32m+[0m[0m role    = "roles/compute.networkAdmin"
    }

[1m  # google_project_iam_member.composer_roles["roles/container.clusterViewer"][0m will be created
[0m  [32m+[0m[0m resource "google_project_iam_member" "composer_roles" {
      [32m+[0m[0m etag    = (known after apply)
      [32m+[0m[0m id      = (known after apply)
      [32m+[0m[0m member  = "serviceAccount:corpor-sales-sa@corporacion-sales-prediction.iam.gserviceaccount.com"
      [32m+[0m[0m project = "corporacion-sales-prediction"
      [32m+[0m[0m role    = "roles/container.clusterViewer"
    }

[1m  # google_project_iam_member.composer_roles["roles/iam.serviceAccountAdmin"][0m will be created
[0m  [32m+[0m[0m resource "google_project_iam_member" "composer_roles" {
      [32m+[0m[0m etag    = (known after apply)
      [32m+[0m[0m id      = (known after apply)
      [32m+[0m[0m member  = "serviceAccount:corpor-sales-sa@corporacion-sales-prediction.iam.gserviceaccount.com"
      [32m+[0m[0m project = "corporacion-sales-prediction"
      [32m+[0m[0m role    = "roles/iam.serviceAccountAdmin"
    }

[1m  # google_project_iam_member.composer_roles["roles/logging.admin"][0m will be created
[0m  [32m+[0m[0m resource "google_project_iam_member" "composer_roles" {
      [32m+[0m[0m etag    = (known after apply)
      [32m+[0m[0m id      = (known after apply)
      [32m+[0m[0m member  = "serviceAccount:corpor-sales-sa@corporacion-sales-prediction.iam.gserviceaccount.com"
      [32m+[0m[0m project = "corporacion-sales-prediction"
      [32m+[0m[0m role    = "roles/logging.admin"
    }

[1m  # google_project_iam_member.composer_roles["roles/storage.admin"][0m will be created
[0m  [32m+[0m[0m resource "google_project_iam_member" "composer_roles" {
      [32m+[0m[0m etag    = (known after apply)
      [32m+[0m[0m id      = (known after apply)
      [32m+[0m[0m member  = "serviceAccount:corpor-sales-sa@corporacion-sales-prediction.iam.gserviceaccount.com"
      [32m+[0m[0m project = "corporacion-sales-prediction"
      [32m+[0m[0m role    = "roles/storage.admin"
    }

[1m  # google_project_service.enable_composer_required_apis["cloudresourcemanager.googleapis.com"][0m will be created
[0m  [32m+[0m[0m resource "google_project_service" "enable_composer_required_apis" {
      [32m+[0m[0m disable_on_destroy = true
      [32m+[0m[0m id                 = (known after apply)
      [32m+[0m[0m project            = "corporacion-sales-prediction"
      [32m+[0m[0m service            = "cloudresourcemanager.googleapis.com"
    }

[1m  # google_project_service.enable_composer_required_apis["composer.googleapis.com"][0m will be created
[0m  [32m+[0m[0m resource "google_project_service" "enable_composer_required_apis" {
      [32m+[0m[0m disable_on_destroy = true
      [32m+[0m[0m id                 = (known after apply)
      [32m+[0m[0m project            = "corporacion-sales-prediction"
      [32m+[0m[0m service            = "composer.googleapis.com"
    }

[1m  # google_project_service.enable_composer_required_apis["compute.googleapis.com"][0m will be created
[0m  [32m+[0m[0m resource "google_project_service" "enable_composer_required_apis" {
      [32m+[0m[0m disable_on_destroy = true
      [32m+[0m[0m id                 = (known after apply)
      [32m+[0m[0m project            = "corporacion-sales-prediction"
      [32m+[0m[0m service            = "compute.googleapis.com"
    }

[1m  # google_project_service.enable_composer_required_apis["container.googleapis.com"][0m will be created
[0m  [32m+[0m[0m resource "google_project_service" "enable_composer_required_apis" {
      [32m+[0m[0m disable_on_destroy = true
      [32m+[0m[0m id                 = (known after apply)
      [32m+[0m[0m project            = "corporacion-sales-prediction"
      [32m+[0m[0m service            = "container.googleapis.com"
    }

[1m  # google_project_service.enable_composer_required_apis["iam.googleapis.com"][0m will be created
[0m  [32m+[0m[0m resource "google_project_service" "enable_composer_required_apis" {
      [32m+[0m[0m disable_on_destroy = true
      [32m+[0m[0m id                 = (known after apply)
      [32m+[0m[0m project            = "corporacion-sales-prediction"
      [32m+[0m[0m service            = "iam.googleapis.com"
    }

[1m  # google_project_service.enable_composer_required_apis["sqladmin.googleapis.com"][0m will be created
[0m  [32m+[0m[0m resource "google_project_service" "enable_composer_required_apis" {
      [32m+[0m[0m disable_on_destroy = true
      [32m+[0m[0m id                 = (known after apply)
      [32m+[0m[0m project            = "corporacion-sales-prediction"
      [32m+[0m[0m service            = "sqladmin.googleapis.com"
    }

[1m  # google_project_service.enable_composer_required_apis["storage.googleapis.com"][0m will be created
[0m  [32m+[0m[0m resource "google_project_service" "enable_composer_required_apis" {
      [32m+[0m[0m disable_on_destroy = true
      [32m+[0m[0m id                 = (known after apply)
      [32m+[0m[0m project            = "corporacion-sales-prediction"
      [32m+[0m[0m service            = "storage.googleapis.com"
    }

[1m  # google_project_service.enable_resource_manager[0m will be created
[0m  [32m+[0m[0m resource "google_project_service" "enable_resource_manager" {
      [32m+[0m[0m disable_on_destroy = false
      [32m+[0m[0m id                 = (known after apply)
      [32m+[0m[0m project            = "corporacion-sales-prediction"
      [32m+[0m[0m service            = "cloudresourcemanager.googleapis.com"
    }

[1m  # time_sleep.wait_for_composer_apis[0m will be created
[0m  [32m+[0m[0m resource "time_sleep" "wait_for_composer_apis" {
      [32m+[0m[0m create_duration = "180s"
      [32m+[0m[0m id              = (known after apply)
    }

[1mPlan:[0m 17 to add, 0 to change, 0 to destroy.
[0m[0m[1mgoogle_project_service.enable_resource_manager: Creating...[0m[0m
[0m[1mgoogle_project_service.enable_resource_manager: Creation complete after 4s [id=corporacion-sales-prediction/cloudresourcemanager.googleapis.com][0m
[0m[1mgoogle_project_service.enable_composer_required_apis["cloudresourcemanager.googleapis.com"]: Creating...[0m[0m
[0m[1mgoogle_project_service.enable_composer_required_apis["storage.googleapis.com"]: Creating...[0m[0m
[0m[1mgoogle_project_service.enable_composer_required_apis["sqladmin.googleapis.com"]: Creating...[0m[0m
[0m[1mgoogle_project_service.enable_composer_required_apis["container.googleapis.com"]: Creating...[0m[0m
[0m[1mgoogle_project_service.enable_composer_required_apis["compute.googleapis.com"]: Creating...[0m[0m
[0m[1mgoogle_project_service.enable_composer_required_apis["composer.googleapis.com"]: Creating...[0m[0m
[0m[1mgoogle_project_service.enable_composer_required_apis["iam.googleapis.com"]: Creating...[0m[0m
[0m[1mgoogle_project_service.enable_composer_required_apis["storage.googleapis.com"]: Creation complete after 3s [id=corporacion-sales-prediction/storage.googleapis.com][0m
[0m[1mgoogle_project_service.enable_composer_required_apis["composer.googleapis.com"]: Creation complete after 3s [id=corporacion-sales-prediction/composer.googleapis.com][0m
[0m[1mgoogle_project_service.enable_composer_required_apis["iam.googleapis.com"]: Creation complete after 3s [id=corporacion-sales-prediction/iam.googleapis.com][0m
[0m[1mgoogle_project_service.enable_composer_required_apis["sqladmin.googleapis.com"]: Creation complete after 3s [id=corporacion-sales-prediction/sqladmin.googleapis.com][0m
[0m[1mgoogle_project_service.enable_composer_required_apis["cloudresourcemanager.googleapis.com"]: Creation complete after 3s [id=corporacion-sales-prediction/cloudresourcemanager.googleapis.com][0m
[0m[1mgoogle_project_service.enable_composer_required_apis["container.googleapis.com"]: Creation complete after 3s [id=corporacion-sales-prediction/container.googleapis.com][0m
[0m[1mgoogle_project_service.enable_composer_required_apis["compute.googleapis.com"]: Creation complete after 3s [id=corporacion-sales-prediction/compute.googleapis.com][0m
[0m[1mtime_sleep.wait_for_composer_apis: Creating...[0m[0m
[0m[1mtime_sleep.wait_for_composer_apis: Still creating... [10s elapsed][0m[0m
[0m[1mtime_sleep.wait_for_composer_apis: Still creating... [20s elapsed][0m[0m
[0m[1mtime_sleep.wait_for_composer_apis: Still creating... [30s elapsed][0m[0m
[0m[1mtime_sleep.wait_for_composer_apis: Still creating... [40s elapsed][0m[0m
[0m[1mtime_sleep.wait_for_composer_apis: Still creating... [50s elapsed][0m[0m
[0m[1mtime_sleep.wait_for_composer_apis: Still creating... [1m0s elapsed][0m[0m
[0m[1mtime_sleep.wait_for_composer_apis: Still creating... [1m10s elapsed][0m[0m
[0m[1mtime_sleep.wait_for_composer_apis: Still creating... [1m20s elapsed][0m[0m
[0m[1mtime_sleep.wait_for_composer_apis: Still creating... [1m30s elapsed][0m[0m
[0m[1mtime_sleep.wait_for_composer_apis: Still creating... [1m40s elapsed][0m[0m
[0m[1mtime_sleep.wait_for_composer_apis: Still creating... [1m50s elapsed][0m[0m
[0m[1mtime_sleep.wait_for_composer_apis: Still creating... [2m0s elapsed][0m[0m
[0m[1mtime_sleep.wait_for_composer_apis: Still creating... [2m10s elapsed][0m[0m
[0m[1mtime_sleep.wait_for_composer_apis: Still creating... [2m20s elapsed][0m[0m
[0m[1mtime_sleep.wait_for_composer_apis: Still creating... [2m30s elapsed][0m[0m
[0m[1mtime_sleep.wait_for_composer_apis: Still creating... [2m40s elapsed][0m[0m
[0m[1mtime_sleep.wait_for_composer_apis: Still creating... [2m50s elapsed][0m[0m
[0m[1mtime_sleep.wait_for_composer_apis: Creation complete after 3m0s [id=2025-06-05T19:48:54Z][0m
[0m[1mgoogle_project_iam_member.composer_roles["roles/composer.worker"]: Creating...[0m[0m
[0m[1mgoogle_project_iam_member.composer_roles["roles/iam.serviceAccountAdmin"]: Creating...[0m[0m
[0m[1mgoogle_project_iam_member.composer_roles["roles/container.clusterViewer"]: Creating...[0m[0m
[0m[1mgoogle_project_iam_member.composer_roles["roles/storage.admin"]: Creating...[0m[0m
[0m[1mgoogle_project_iam_member.composer_roles["roles/artifactregistry.reader"]: Creating...[0m[0m
[0m[1mgoogle_project_iam_member.composer_roles["roles/compute.networkAdmin"]: Creating...[0m[0m
[0m[1mgoogle_project_iam_member.composer_roles["roles/composer.admin"]: Creating...[0m[0m
[0m[1mgoogle_project_iam_member.composer_roles["roles/logging.admin"]: Creating...[0m[0m
[0m[1mgoogle_project_iam_member.composer_roles["roles/logging.admin"]: Creation complete after 9s [id=corporacion-sales-prediction/roles/logging.admin/serviceAccount:corpor-sales-sa@corporacion-sales-prediction.iam.gserviceaccount.com][0m
[0m[1mgoogle_project_iam_member.composer_roles["roles/container.clusterViewer"]: Creation complete after 9s [id=corporacion-sales-prediction/roles/container.clusterViewer/serviceAccount:corpor-sales-sa@corporacion-sales-prediction.iam.gserviceaccount.com][0m
[0m[1mgoogle_project_iam_member.composer_roles["roles/composer.worker"]: Creation complete after 9s [id=corporacion-sales-prediction/roles/composer.worker/serviceAccount:corpor-sales-sa@corporacion-sales-prediction.iam.gserviceaccount.com][0m
[0m[1mgoogle_project_iam_member.composer_roles["roles/storage.admin"]: Still creating... [10s elapsed][0m[0m
[0m[1mgoogle_project_iam_member.composer_roles["roles/compute.networkAdmin"]: Still creating... [10s elapsed][0m[0m
[0m[1mgoogle_project_iam_member.composer_roles["roles/composer.admin"]: Still creating... [10s elapsed][0m[0m
[0m[1mgoogle_project_iam_member.composer_roles["roles/artifactregistry.reader"]: Still creating... [10s elapsed][0m[0m
[0m[1mgoogle_project_iam_member.composer_roles["roles/iam.serviceAccountAdmin"]: Still creating... [10s elapsed][0m[0m
[0m[1mgoogle_project_iam_member.composer_roles["roles/composer.admin"]: Creation complete after 10s [id=corporacion-sales-prediction/roles/composer.admin/serviceAccount:corpor-sales-sa@corporacion-sales-prediction.iam.gserviceaccount.com][0m
[0m[1mgoogle_project_iam_member.composer_roles["roles/artifactregistry.reader"]: Creation complete after 10s [id=corporacion-sales-prediction/roles/artifactregistry.reader/serviceAccount:corpor-sales-sa@corporacion-sales-prediction.iam.gserviceaccount.com][0m
[0m[1mgoogle_project_iam_member.composer_roles["roles/compute.networkAdmin"]: Creation complete after 10s [id=corporacion-sales-prediction/roles/compute.networkAdmin/serviceAccount:corpor-sales-sa@corporacion-sales-prediction.iam.gserviceaccount.com][0m
[0m[1mgoogle_project_iam_member.composer_roles["roles/iam.serviceAccountAdmin"]: Creation complete after 11s [id=corporacion-sales-prediction/roles/iam.serviceAccountAdmin/serviceAccount:corpor-sales-sa@corporacion-sales-prediction.iam.gserviceaccount.com][0m
[0m[1mgoogle_project_iam_member.composer_roles["roles/storage.admin"]: Creation complete after 11s [id=corporacion-sales-prediction/roles/storage.admin/serviceAccount:corpor-sales-sa@corporacion-sales-prediction.iam.gserviceaccount.com][0m
[0m[1m[32m
Apply complete! Resources: 17 added, 0 changed, 0 destroyed.
[0m